Arguments: 
  C:\laragon\bin\nodejs\node-v14\node.exe C:\Users\Diego\AppData\Roaming\npm\node_modules\yarn\bin\yarn.js add @adonis/lucid

PATH: 
  C:\Users\Diego\AppData\Local\Yarn\config\global\node_modules\.bin;C:\Users\Diego\AppData\Roaming\npm;C:\Users\Diego\AppData\Roaming\Composer\vendor\bin;;C:\laragon\bin\laragon\utils;C:\laragon\bin\mysql\mysql-5.7.33-winx64\bin;C:\laragon\bin\php\php-7.4.19-Win32-vc15-x64;C:\laragon\bin\composer;C:\laragon\bin\apache\httpd-2.4.47-win64-VS16\bin;C:\laragon\bin\redis\redis-x64-3.2.100;C:\laragon\bin\nodejs\node-v14;C:\laragon\bin\nginx\nginx-1.19.10;C:\laragon\bin\notepad++;C:\laragon\bin\telnet;C:\laragon\bin\ngrok;C:\laragon\bin\git\bin;C:\laragon\bin\git\cmd;C:\laragon\bin\git\usr\bin;C:\laragon\bin\git\mingw64\bin;C:\laragon\bin;C:\laragon\usr\bin;C:\laragon\bin\cmder\bin;C:\Windows\system32;C:\Windows;C:\Windows\System32\Wbem;C:\Windows\System32\WindowsPowerShell\v1.0\;C:\Windows\System32\OpenSSH\;C:\Program Files\Git\cmd;C:\Users\Diego\AppData\Roaming\nvm;C:\Program Files\nodejs;C:\laragon\bin\php\php-7.2.0-nts-Win32-VC15-x64;C:\ProgramData\ComposerSetup\bin;C:\Program Files\Docker\Docker\resources\bin;C:\ProgramData\DockerDesktop\version-bin;C:\ProgramData\chocolatey\bin;;C:\Program Files\OpenJDK\openjdk-11.0.13_8\bin;C:\Users\Diego\AppData\Local\Microsoft\WindowsApps;C:\Users\Diego\AppData\Local\Programs\Microsoft VS Code\bin;C:\Users\Diego\AppData\Roaming\nvm;C:\Program Files\nodejs;;C:\Program Files\Git\usr\bin;C:\Program Files\Git\usr\share\vim\vim74;C:\laragon\bin\cmder\;

Yarn version: 
  1.22.15

Node version: 
  14.16.1

Platform: 
  win32 x64

Trace: 
  Error: https://registry.yarnpkg.com/@adonis%2flucid: Not found
      at Request.params.callback [as _callback] (C:\Users\Diego\AppData\Roaming\npm\node_modules\yarn\lib\cli.js:66140:18)
      at Request.self.callback (C:\Users\Diego\AppData\Roaming\npm\node_modules\yarn\lib\cli.js:140885:22)
      at Request.emit (events.js:315:20)
      at Request.<anonymous> (C:\Users\Diego\AppData\Roaming\npm\node_modules\yarn\lib\cli.js:141857:10)
      at Request.emit (events.js:315:20)
      at IncomingMessage.<anonymous> (C:\Users\Diego\AppData\Roaming\npm\node_modules\yarn\lib\cli.js:141779:12)
      at Object.onceWrapper (events.js:421:28)
      at IncomingMessage.emit (events.js:327:22)
      at endReadableNT (internal/streams/readable.js:1327:12)
      at processTicksAndRejections (internal/process/task_queues.js:80:21)

npm manifest: 
  {
    "name": "first",
    "version": "1.0.0",
    "private": true,
    "scripts": {
      "dev": "node ace serve --watch",
      "build": "node ace build --production",
      "start": "node server.js",
      "lint": "eslint . --ext=.ts",
      "format": "prettier --write ."
    },
    "eslintConfig": {
      "extends": [
        "plugin:adonis/typescriptApp",
        "prettier"
      ],
      "plugins": [
        "prettier"
      ],
      "rules": {
        "prettier/prettier": [
          "error"
        ]
      }
    },
    "eslintIgnore": [
      "build"
    ],
    "prettier": {
      "trailingComma": "es5",
      "semi": false,
      "singleQuote": true,
      "useTabs": false,
      "quoteProps": "consistent",
      "bracketSpacing": true,
      "arrowParens": "always",
      "printWidth": 100
    },
    "devDependencies": {
      "@adonisjs/assembler": "^5.6.2",
      "@japa/preset-adonis": "^1.0.15",
      "@japa/runner": "^2.0.7",
      "adonis-preset-ts": "^2.1.0",
      "eslint": "^8.14.0",
      "eslint-config-prettier": "^8.5.0",
      "eslint-plugin-adonis": "^2.1.0",
      "eslint-plugin-prettier": "^4.0.0",
      "pino-pretty": "^7.6.1",
      "prettier": "^2.6.2",
      "typescript": "^4.6.4",
      "youch": "^3.1.1",
      "youch-terminal": "^2.1.3"
    },
    "dependencies": {
      "@adonisjs/core": "^5.7.5",
      "@adonisjs/repl": "^3.1.10",
      "proxy-addr": "^2.0.7",
      "reflect-metadata": "^0.1.13",
      "source-map-support": "^0.5.21"
    }
  }

yarn manifest: 
  No manifest

Lockfile: 
  No lockfile
